635039704080587806 Create: f-1
635039704080654947 [M] Send Create: f-1
635039704095936488 Create Done: f-1
635039704159122932 Open: f-1
635039704159153073 [M] Send Open: f-1
635039704159847925 Open done: f-1
635039704656821089 Close: f-1
635039704656842071 [M] Send Close: f-1
635039704657481346 Close done: f-1
635039704727708492 Delete: f-1
635039704727738370 [M] Send Delete: f-1
635039704728501406 Delete done: f-1
635039704811968351 Create: f-2
635039704812008813 [M] Send Create: f-2
635039704812738659 Create Done: f-2
635039735579871209 Metadata init...
635039736553492246 Create: f-1
635039736553530259 [M] Send Create: f-1
635039736568631835 Create Done: f-1
635039736603476480 Open: f-1
635039736603507011 [M] Send Open: f-1
635039736604636728 Open done: f-1
635039736643650728 Write: 
635039736644250138 Write done: 
635039736648339332 Write: 
635039736648900562 Write done: 
635039736654902125 Write: 
635039736655471624 Write done: 
635039736660474927 Read: 
635039736662073008 Read done: 
635039736665034816 Read: 
635039736666622666 Read done: 
635039736672634587 Read: 
635039736674203608 Read done: 
635039736677972555 Read: 
635039736679544264 Read done: 
635039736684053473 Read: 
635039736685644476 Read done: 
635039736689754077 Read: 
635039736691324016 Read done: 
635039736694253885 Read: 
635039736695824039 Read done: 
635039736698688706 Read: 
635039736700265725 Read done: 
635039736724441152 Close: f-1
635039736724466677 [M] Send Close: f-1
635039736725186970 Close done: f-1
635039736773951627 Delete: f-1
635039736773981393 [M] Send Delete: f-1
635039736774721325 Delete done: f-1
635039832376447766 Metadata init...
635039832432450146 Metadata init...
635039840020572075 Metadata init...
635039840022600257 Metadata init...
635039840024316385 Metadata init...
635039842620747953 Metadata init...
635039842635843404 Metadata init...
635039850062978106 Metadata init...
635039850119449060 Create: f-1
635039850119449060 [M] Send Create: f-1
635039854013335443 Create: f-1
635039854013335443 [M] Send Create: f-1
635039854343442972 Create: f-2
635039854343442972 [M] Send Create: f-2
635039856999074868 Create: f-1
635039856999216622 [M] Send Create: f-1
635039860410538816 Metadata init...
635039860444077936 Create: f-1
635039860444077936 [M] Send Create: f-1
635039864760546515 Create: f-1
635039864760546515 [M] Send Create: f-1
635039864849307736 Metadata init...
635039865035062190 Create: f-1
635039865035062190 [M] Send Create: f-1
635039865069380174 Metadata init...
635039865162670459 Create: f-1
635039865162670459 [M] Send Create: f-1
635039865201976913 Metadata init...
635039865237084397 Create: f-1
635039865237283954 [M] Send Create: f-1
635039865539086798 Metadata init...
635039865772463594 Create: f-5
635039865772463594 [M] Send Create: f-5
635039867341163413 Metadata init...
635039867362851965 Create: f-1
635039867363316855 [M] Send Create: f-1
635039867372989138 Create: f-1
635039867372989138 [M] Send Create: f-1
635039868177785861 Create: f-10
635039868177940603 [M] Send Create: f-10
635039892764983858 Metadata init...
635039892843478571 Create: f-40
635039892843478571 [M] Send Create: f-40
635041451324763588 Metadata init...
635041451325700039 Metadata init...
635041451327104607 Metadata init...
635041451327890024 Metadata init...
635041465896416027 Metadata init...
635041465903438006 Metadata init...
635041465908585170 Metadata init...
635041465912022921 Metadata init...
635041466154758803 Create: f-1
635041466154758803 [M] Send Create: f-1
635041466170052216 Create Done: f-1
635041466217189498 Open: f-1
635041466217189498 [M] Send Open: f-1
635041466218104696 Open done: f-1
635041466233708498 Write: 
635041466234479681 Write done: 
635041466236972164 Write: 
635041466237757165 Write done: 
635041466239801673 Write: 
635041466240415002 Write done: 
635041466241850770 Read: 
635041466246342093 Read: 
635041466248221538 Read: 
635041466250105187 Read: 
635041466251641470 Read: 
635041466253354109 Read: 
635041466255245170 Read: 
635041466257289336 Read: 
635041466287054891 Close: f-1
635041466287054891 [M] Send Close: f-1
635041466287985411 Close done: f-1
635041466312324423 Create: f-2
635041466312324423 [M] Send Create: f-2
635041466313260627 Create Done: f-2
635041467030609837 Metadata init...
635041467042933225 Metadata init...
635041472479658763 Metadata init...
635041472683733964 Create: f-1
635041472683733964 [M] Send Create: f-1
635041472698876419 Create Done: f-1
635041475322532398 Open: f-1
635041475322685740 [M] Send Open: f-1
635041475323933878 Open done: f-1
635041475338307576 Write: 
635041475339076589 Write done: 
635041475344722179 Write: 
635041475345316420 Write done: 
635041475346713283 Write: 
635041475347344502 Write done: 
635041475349058998 Read: 
635041475351242431 Read: 
635041475353575312 Read: 
635041475355619715 Read: 
635041475358255473 Read: 
635041475360284820 Read: 
635041475362473349 Read: 
635041475368257924 Read: 
635041475415662265 Metadata init...
635041477228515921 Close: f-1
635041477228515921 [M] Send Close: f-1
635041477311662369 Create: f-2
635041477311662369 [M] Send Create: f-2
635041477312461120 Create Done: f-2
635041481035860698 Metadata init...
635041481038980479 Metadata init...
635041481409786515 Create: f-1
635041481409786515 [M] Send Create: f-1
635041481425072813 Create Done: f-1
635041481443971265 Open: f-1
635041481443971265 [M] Send Open: f-1
635041481445199125 Open done: f-1
635041481457536743 Write: 
635041481458307402 Write done: 
635041481465163824 Write: 
635041481465954397 Write done: 
635041481469578390 Write: 
635041481470166267 Write done: 
635041481472808235 Read: 
635041481475477700 Read: 
635041481477802591 Read: 
635041481480163348 Read: 
635041481482662129 Read: 
635041481484979810 Read: 
635041481487038725 Read: 
635041481506048195 Read: 
635041483273995615 Metadata init...
635041486044432038 Create: f-1
635041486044432038 [M] Send Create: f-1
635041486059719883 Create Done: f-1
635041486079064224 Open: f-1
635041486079064224 [M] Send Open: f-1
635041486080161695 Open done: f-1
635041486084717407 Write: 
635041486085467510 Write done: 
635041486087513633 Write: 
635041486088272842 Write done: 
635041486089519273 Write: 
635041486090144148 Write done: 
635041486092353478 Read: 
635041486093733303 Read: 
635041486094988882 Read: 
635041486096551518 Read: 
635041486097797644 Read: 
635041486099348925 Read: 
635041486100595893 Read: 
635041486105772245 Read: 
635041536861870284 Create: f-1
635041536861870284 [M] Send Create: f-1
635041542712880817 Metadata init...
635041544218907599 Create: f-1
635041544218907599 [M] Send Create: f-1
635041544234044295 Create Done: f-1
635041544374134990 Open: f-1
635041544374134990 [M] Send Open: f-1
635041544375377980 Open done: f-1
635041544405334083 Write: 
635041544406118229 Write done: 
635041544415001966 Write: 
635041544415628175 Write done: 
635041544422038176 Write: 
635041544422648695 Write done: 
635041544436372538 Read: 
635041544495820834 Read: 
635041544507668944 Read: 
635041544517179805 Read: 
635041544528905749 Read: 
635041544754650164 Read: 
635041544758983390 Read: 
635041544763673505 Read: 
635041544789265092 Close: f-1
635041544789265092 [M] Send Close: f-1
635041545345866874 Create: f-2
635041545345866874 [M] Send Create: f-2
635041545348511157 Create Done: f-2
635041546073595097 Create: f-1
635041546073773305 [M] Send Create: f-1
635041546251275706 Open: f-1
635041546251275706 [M] Send Open: f-1
635041546378879545 Write: 
635041546379668614 Write done: 
635041546382313287 Write: 
635041546383096286 Write done: 
635041546384039205 Write: 
635041546384815079 Write done: 
635041546385921161 Read: 
635041546387623792 Read: 
635041546389487149 Read: 
635041546394350791 Read: 
635041546396217510 Read: 
635041546398092903 Read: 
635041546399799913 Read: 
635041546403372814 Read: 
635041546426470386 Close: f-1
635041546426627446 [M] Send Close: f-1
635041546510876301 Create: f-2
635041546510876301 [M] Send Create: f-2
635041546936015999 Open: f-2
635041546936015999 [M] Send Open: f-2
635041546936951840 Open done: f-2
635041547053792632 Close: f-1
635041547053792632 [M] Send Close: f-1
635041548870857701 Metadata init...
635041549772052939 Create: f-1
635041549772052939 [M] Send Create: f-1
635041549787190827 Create Done: f-1
635041549808558318 Open: f-1
635041549808558318 [M] Send Open: f-1
635041549810125774 Open done: f-1
635041549919943867 Write: 
635041549920725911 Write done: 
635041549925288900 Write: 
635041549925874910 Write done: 
635041549932774269 Write: 
635041549933362753 Write done: 
635041549941633513 Read: 
635041549948957696 Read: 
635041549961933740 Read: 
635041549965492388 Read: 
635041549969235947 Read: 
635041549972514581 Read: 
635041549977363174 Read: 
635041549982651199 Read: 
635041550004528101 Close: f-1
635041550004528101 [M] Send Close: f-1
635041557686707217 Metadata init...
635041558213491886 Create: f-1
635041558213551680 [M] Send Create: f-1
635041558228622397 Create Done: f-1
635041558258676426 Open: f-1
635041558258718109 [M] Send Open: f-1
635041558260415330 Open done: f-1
635041558287998275 Write: 
635041558288619335 Write done: 
635041558293860286 Write: 
635041558294449428 Write done: 
635041558303619920 Write: 
635041558304219920 Write done: 
635041558313860776 Read: 
635041558318104133 Read: 
635041558321122617 Read: 
635041558323933150 Read: 
635041558326284335 Read: 
635041558330695008 Read: 
635041558333773015 Read: 
635041558339226646 Read: 
635041558441884531 Close: f-1
635041558441936400 [M] Send Close: f-1
635041563202838894 Metadata init...
635041563205769133 Metadata init...
635041563647477317 Create: f-1
635041563647533305 [M] Send Create: f-1
635041563662614535 Create Done: f-1
635041563686018381 Open: f-1
635041563686058638 [M] Send Open: f-1
635041563688897156 Open done: f-1
635041563703538839 Write: 
635041563704150316 Write done: 
635041563706178843 Write: 
635041563706769509 Write done: 
635041563708030158 Write: 
635041563708639895 Write done: 
635041563709597878 Read: 
635041563715290008 Read: 
635041563720510260 Read: 
635041563726002190 Read: 
635041563729864689 Read: 
635041563734421596 Read: 
635041563737834255 Read: 
635041563742353132 Read: 
635041563866328220 Close: f-1
635041563866377477 [M] Send Close: f-1
635041567402132386 Metadata init...
635041567534864601 Create: f-1
635041567534927857 [M] Send Create: f-1
635041567550006124 Create Done: f-1
635041567568969693 Open: f-1
635041567569008901 [M] Send Open: f-1
635041567570709296 Open done: f-1
635041567583969428 Write: 
635041567584581098 Write done: 
635041567587448318 Write: 
635041567588019783 Write done: 
635041567589060202 Write: 
635041567589641815 Write done: 
635041567592479021 Read: 
635041567594470429 Read: 
635041567598491055 Read: 
635041567603543338 Read: 
635041567606753110 Read: 
635041567609251984 Read: 
635041567617162897 Read: 
635041567619623596 Read: 
635041567733095561 Close: f-1
635041567733135077 [M] Send Close: f-1
635041573447882151 Metadata init...
635041574188123848 Create: f-1
635041574188203114 [M] Send Create: f-1
635041574203266182 Create Done: f-1
635041574220265766 Open: f-1
635041574221468306 [M] Send Open: f-1
635041574223259693 Open done: f-1
635041574416444448 Write: 
635041574417064720 Write done: 
635041620932416183 Metadata init...
635041621012033775 Write: 
635041621012675242 Write done: 
635041621017238042 Write: 
635041621017846388 Write done: 
635041621021037961 Read: 
635041621024926894 Read: 
635041621027405717 Read: 
635041621030075491 Read: 
635041621031585792 Read: 
635041621034775930 Read: 
635041621039727359 Read: 
635041621043446899 Read: 
635041621090253183 Close: f-1
635041621090291737 [M] Send Close: f-1
635041633698124624 Metadata init...
635041634288018579 Create: f-1
635041634288114771 [M] Send Create: f-1
635041634303177511 Create Done: f-1
635041634364651223 Open: f-1
635041634364691799 [M] Send Open: f-1
635041634366091595 Open done: f-1
635041634391596249 Write: 
635041634392205065 Write done: 
635041634395264063 Write: 
635041634395884352 Write done: 
635041634398354352 Write: 
635041634398956118 Write done: 
635041634403505858 Read: 
635041634405995872 Read: 
635041634407635743 Read: 
635041634409315822 Read: 
635041634411285613 Read: 
635041634413316550 Read: 
635041634415581635 Read: 
635041634435070150 Read: 
635041634495952998 Close: f-1
635041634496002860 [M] Send Close: f-1
635041635895076939 Create: f-2
635041635895138733 [M] Send Create: f-2
635041635896920102 Create Done: f-2
635041636042441645 Open: f-1
635041636042484061 [M] Send Open: f-1
635041640172967671 Metadata init...
635041640299344862 Create: f-1
635041640299420122 [M] Send Create: f-1
635041640319372871 Open: f-1
635041640319423040 [M] Send Open: f-1
635041640334383279 Write: 
635041640335453054 Write: 
635041640339443222 Write: 
635041640340725017 Read: 
635041640342604948 Read: 
635041640344744905 Read: 
635041640346404699 Read: 
635041640348334494 Read: 
635041640350834768 Create Done: f-1
635041640350934701 Read: 
635041640351974656 Read: 
635041640355374553 Read: 
635041640409731177 Close: f-1
635041640440603120 Open done: f-1
635041640558915134 Close: f-1
635041640558966544 [M] Send Close: f-1
635041640560035976 Close done: f-1
635041640611789848 Close: f-1
635041640611829847 [M] Send Close: f-1
635041640876077603 Close: f-1
635041640876114857 [M] Send Close: f-1
635041640976016066 Open: f-1
635041640976066384 [M] Send Open: f-1
635041640976845859 Open Done: f-1
635041641027060678 Close: f-1
635041641027121194 [M] Send Close: f-1
635041641027920916 Close done: f-1
635041641662074911 Metadata init...
635041641668385715 Metadata init...
635041642549195073 Create: f-1
635041642549324678 [M] Send Create: f-1
635041642564346105 Create Done: f-1
635041642592881952 Open: f-1
635041642592921624 [M] Send Open: f-1
635041642593709365 Open done: f-1
635041642606071433 Write: 
635041642606711472 Write done: 
635041642607990922 Write: 
635041642608571358 Write done: 
635041642609490649 Write: 
635041642610071271 Write done: 
635041642611131233 Read: 
635041642612610771 Read: 
635041642614481101 Read: 
635041642615861061 Read: 
635041642617720321 Read: 
635041642619363304 Read: 
635041642621281569 Read: 
635041642627182543 Read: 
635041642719860339 Close: f-1
635041642719922605 [M] Send Close: f-1
635041643187112867 Close done: f-1
635041686343091879 Metadata init...
635041688883649344 Create: f-1
635041688883778709 [M] Send Create: f-1
635041688898801266 Create Done: f-1
635041688938514715 Open: f-1
635041688938575188 [M] Send Open: f-1
635041688940344489 Open done: f-1
635041689003384835 Write: 
635041689004031744 Write done: 
635041689006591790 Write: 
635041689007192399 Write done: 
635041689009336521 Write: 
635041689009922623 Write done: 
635041689011506454 Read: 
635041689013326433 Read: 
635041689015133319 Read: 
635041689018616286 Read: 
635041689020322707 Read: 
635041689022185266 Read: 
635041689024686161 Read: 
635041689028603404 Read: 
635041689415022511 Close: f-1
635041689415113127 [M] Send Close: f-1
635041694742593939 Metadata init...
635041698093292215 Create: f-1
635041698093488399 [M] Send Create: f-1
635041698148464412 Create Done: f-1
635041698173199021 Open: f-1
635041698173286531 [M] Send Open: f-1
635041698174067307 Open done: f-1
635041698243293815 Write: 
635041698243915339 Write done: 
635041698246403879 Write: 
635041698246995886 Write done: 
635041698250054240 Write: 
635041698250646024 Write done: 
635041698253656579 Read: 
635041698256004918 Read: 
635041698257775134 Read: 
635041698260011896 Read: 
635041698261815811 Read: 
635041698266987611 Read: 
635041698269586835 Read: 
635041698276727646 Read: 
635041698870015133 Close: f-1
635041698870054174 [M] Send Close: f-1
635041699116940345 Close done: f-1
635041704719320198 Metadata init...
635041705088650050 Create: f-1
635041705088879039 [M] Send Create: f-1
635041705103819593 Create Done: f-1
635041705359875219 Open: f-1
635041705359945137 [M] Send Open: f-1
635041705361518440 Open done: f-1
635041705362669061 Write: 
635041705363286465 Write done: 
635041705364116020 Write: 
635041705364697603 Write done: 
635041705365868389 Write: 
635041705366499674 Write done: 
635041705368079906 Read: 
635041705369776431 Read: 
635041705371509868 Read: 
635041705373128000 Read: 
635041705374856982 Read: 
635041705378787929 Read: 
635041705381689481 Read: 
635041705385639479 Read: 
635041705427922374 Close: f-1
635041705427986604 [M] Send Close: f-1
635041716561526184 Metadata init...
635041716726402938 Create: f-1
635041716726514663 [M] Send Create: f-1
635041716741584120 Create Done: f-1
635041716776877684 Open: f-1
635041716776929719 [M] Send Open: f-1
635041716778628471 Open done: f-1
635041716780260601 Write: 
635041716780900076 Write done: 
635041716785928630 Write: 
635041716786520080 Write done: 
635041716787818807 Write: 
635041716788450387 Write done: 
635041716789530179 Read: 
635041716791159589 Read: 
635041716792789481 Read: 
635041716794630838 Read: 
635041716796642778 Read: 
635041716798562817 Read: 
635041716804820817 Read: 
635041716807312572 Read: 
635041716910833959 Close: f-1
635041716910881974 [M] Send Close: f-1
635041730521661266 Metadata init...
635041730878426326 Create: f-1
635041730878535758 [M] Send Create: f-1
635041730893537580 Create Done: f-1
635041730902328916 Open: f-1
635041730902378506 [M] Send Open: f-1
635041730903768549 Open done: f-1
635041730910568343 Write: 
635041730911199854 Write done: 
635041730915938634 Write: 
635041730916540583 Write done: 
635041730917842691 Write: 
635041730918450927 Write done: 
635041730921052469 Read: 
635041730922962882 Read: 
635041730924660548 Read: 
635041730926311324 Read: 
635041730929900825 Read: 
635041730932020488 Read: 
635041730934073580 Read: 
635041730940281781 Read: 
635041730956483085 Close: f-1
635041730956554923 [M] Send Close: f-1
635041733144811692 Metadata init...
635041735014067439 Create: f-1
635041735014147617 [M] Send Create: f-1
635041735029418735 Create Done: f-1
635041735263542826 Open: f-1
635041735263601391 [M] Send Open: f-1
635041735265610944 Open done: f-1
635041735281754659 Write: 
635041735282374016 Write done: 
635041735284792783 Write: 
635041735285384781 Write done: 
635041735286574829 Write: 
635041735287194740 Write done: 
635041735288444455 Read: 
635041735290183625 Read: 
635041735291973954 Read: 
635041735293684264 Read: 
635041735295273644 Read: 
635041735297004215 Read: 
635041735300344117 Read: 
635041735302734694 Read: 
635041735411807729 Close: f-1
635041735411865717 [M] Send Close: f-1
635041742138703338 Metadata init...
635041742315429770 Create: f-1
635041742315550780 [M] Send Create: f-1
635041742330601197 Create Done: f-1
635041742396347022 Open: f-1
635041742396408081 [M] Send Open: f-1
635041742398527076 Open done: f-1
635041742929985283 Write: 
635041742930606003 Write done: 
635041742932100868 Write: 
635041742932695902 Write done: 
635041742934465540 Write: 
635041742935086212 Write done: 
635041742936699506 Read: 
635041742939266130 Read: 
635041742941146170 Read: 
635041742945866867 Read: 
635041742949221451 Read: 
635041742951568312 Read: 
635041742953361237 Read: 
635041742957838940 Read: 
635041743019485145 Close: f-1
635041743019544040 [M] Send Close: f-1
635041748261184035 Metadata init...
635041750060770139 Create: f-1
635041750060899113 [M] Send Create: f-1
635041750075891108 Create Done: f-1
635041750209284127 Open: f-1
635041750209333912 [M] Send Open: f-1
635041750211016965 Open done: f-1
635041750220523668 Write: 
635041750221135199 Write done: 
635041750224184431 Write: 
635041750224796596 Write done: 
635041750225824861 Write: 
635041750226444329 Write done: 
635041750227604666 Read: 
635041750229626665 Read: 
635041750235916220 Read: 
635041750240186106 Read: 
635041750242195948 Read: 
635041750244025992 Read: 
635041750245912591 Read: 
635041750247709559 Read: 
635041750522122293 Close: f-1
635041750522183496 [M] Send Close: f-1
635041762553074527 Metadata init...
635041762785608695 Create: f-1
635041762785739136 [M] Send Create: f-1
635041762841093650 Create Done: f-1
635041762929823644 Open: f-1
635041762929894388 [M] Send Open: f-1
635041762930898019 Open done: f-1
635041762958427649 Write: 
635041762959067371 Write done: 
635041762970020269 Write: 
635041762970759070 Write done: 
635041762974387547 Write: 
635041762975047669 Write done: 
635041762977059927 Read: 
635041762980899592 Read: 
635041762982908171 Read: 
635041762985279858 Read: 
635041762988839777 Read: 
635041762991419439 Read: 
635041762993239392 Read: 
635041762999462305 Read: 
635041763280869404 Close: f-1
635041763280958522 [M] Send Close: f-1
635041763282177527 Close done: f-1
635041766738300774 Metadata init...
635041766831470715 Create: f-1
635041766831570463 [M] Send Create: f-1
635041766886634995 Create Done: f-1
635041766916880653 Open: f-1
635041766916929270 [M] Send Open: f-1
635041766917678691 Open done: f-1
635041766969104500 Write: 
635041766969745241 Write done: 
635041766979695833 Write: 
635041766980335325 Write done: 
635041766983465761 Write: 
635041766984105393 Write done: 
635041766986739271 Read: 
635041766991057555 Read: 
635041766993140394 Read: 
635041766995037437 Read: 
635041766998497087 Read: 
635041767000338197 Read: 
635041767002258560 Read: 
635041767007638062 Read: 
635041767192986199 Close: f-1
635041767193086718 [M] Send Close: f-1
635041767193838168 Close done: f-1
635041772259215160 Metadata init...
635041772422211946 Create: f-1
635041772422331456 [M] Send Create: f-1
635041772437403331 Create Done: f-1
635041774852773407 Metadata init...
635041775478775142 Create: f-1
635041775478914504 [M] Send Create: f-1
635041775493906788 Create Done: f-1
635041775536339092 Open: f-1
635041775536409114 [M] Send Open: f-1
635041775538001941 Open done: f-1
635041775574204712 Write: 
635041775575087433 Write done: 
635041775580435349 Write: 
635041775581084738 Write done: 
635041775583095840 Write: 
635041775583715967 Write done: 
635041775585124725 Read: 
635041775586877931 Read: 
635041775588597902 Read: 
635041775590255745 Read: 
635041775593897203 Read: 
635041775595626146 Read: 
635041775598037579 Read: 
635041775602537422 Read: 
635041775706707379 Close: f-1
635041775706776875 [M] Send Close: f-1
635041776808570712 Read: 
635041778961797337 Metadata init...
635041780070653128 Metadata init...
635041780459042992 Metadata init...
635041780639131551 Create: f-1
635041780639240820 [M] Send Create: f-1
635041780654281970 Create Done: f-1
635041780764123361 Open: f-1
635041780764193008 [M] Send Open: f-1
635041780766822705 Open done: f-1
635041780787888752 Write: 
635041780788546327 Write done: 
635041780795508719 Write: 
635041780796176249 Write done: 
635041780803349609 Write: 
635041780803978979 Write done: 
635041780839190182 Read: 
635041781724572172 Read: 
635041785884828655 Metadata init...
635041785890298364 Metadata init...
635041786287709965 Create: f-1
635041786287787662 [M] Send Create: f-1
635041786302848412 Create Done: f-1
635041786319320229 Open: f-1
635041786319394296 [M] Send Open: f-1
635041786321241776 Open done: f-1
635041786345032370 Write: 
635041786345684182 Write done: 
635041786356936535 Write: 
635041786357545123 Write done: 
635041786365964652 Write: 
635041786366605525 Write done: 
635041786388617356 Read: 
635041786389288765 Read done: 
635041786443211803 Read: 
635041786443824412 Read done: 
635041786450632368 Read: 
635041786451255371 Read done: 
635041786456943947 Read: 
635041786457594867 Read done: 
635041786462224725 Read: 
635041786462863552 Read done: 
635041786466404998 Read: 
635041786467044827 Read done: 
635041786470174198 Read: 
635041786472975392 Read done: 
635041786478425220 Read: 
635041786479047445 Read done: 
635041786662874514 Close: f-1
635041786662963092 [M] Send Close: f-1
635041790632399090 Metadata init...
635041790907868456 Create: f-1
635041790907994896 [M] Send Create: f-1
635041790923066219 Create Done: f-1
635041790982352420 Open: f-1
635041790982422350 [M] Send Open: f-1
635041790984252598 Open done: f-1
635041791002705171 Write: 
635041791003354546 Write done: 
635041791014934208 Write: 
635041791015535466 Write done: 
635041791027617837 Write: 
635041791028267594 Write done: 
635041791051842197 Read: 
635041791052500360 Read done: 
635041791059828712 Read: 
635041791060449038 Read done: 
635041791065150773 Read: 
635041791065780381 Read done: 
635041791070675536 Read: 
635041791071321421 Read done: 
635041791075261132 Read: 
635041791075911304 Read done: 
635041791079210184 Read: 
635041791079841963 Read done: 
635041791083571143 Read: 
635041791084193164 Read done: 
635041791088031715 Read: 
635041791088661504 Read done: 
635041791164959108 Close: f-1
635041791165008529 [M] Send Close: f-1
635041795085984439 Open: f-1
635041795086156169 [M] Send Open: f-1
635041796986317279 Metadata init...
635041798556757886 Create: f-1
635041798556884991 [M] Send Create: f-1
635041798571897495 Create Done: f-1
635041798678186426 Open: f-1
635041798678308380 [M] Send Open: f-1
635041798679957894 Open done: f-1
635041798695068130 Write: 
635041798695709465 Write done: 
635041798703469429 Write: 
635041798704070289 Write done: 
635041798710223997 Write: 
635041798710831215 Write done: 
635041798724423652 Read: 
635041798958705238 Read done: 
635041798996960542 Read: 
635041799054515883 Read done: 
635041799085538215 Read: 
635041799086178231 Read done: 
635041799088818160 Read: 
635041799089498251 Read done: 
635041799092658490 Read: 
635041799093258642 Read done: 
635041799095584525 Read: 
635041799096220332 Read done: 
635041799101289430 Read: 
635041799101920739 Read done: 
635041799108351469 Read: 
635041799109461177 Read done: 
635041799187838960 Close: f-1
635041799187908267 [M] Send Close: f-1
635041801556172105 Metadata init...
635041801739380209 Create: f-1
635041801739500692 [M] Send Create: f-1
635041801834508802 Create Done: f-1
635041801858341282 Open: f-1
635041801858404992 [M] Send Open: f-1
635041801859093213 Open done: f-1
635041801875418749 Write: 
635041801876043024 Write done: 
635041801880325524 Write: 
635041801880965392 Write done: 
635041801887837162 Write: 
635041801888454706 Write done: 
635041801898068804 Read: 
635041801904316378 Read: 
635041801926289570 Read done: 
635041801932899939 Read done: 
635041801984504220 Read: 
635041801985186396 Read done: 
635041801991576298 Read: 
635041801992176357 Read done: 
635041801996116348 Read: 
635041801996766231 Read done: 
635041802001316203 Read: 
635041802001916111 Read done: 
635041802005326708 Read: 
635041802005926293 Read done: 
635041802009326647 Read: 
635041802009980608 Read done: 
635041802058672240 Close: f-1
635041802058752246 [M] Send Close: f-1
635041802059604862 Close done: f-1
635041804710660533 Metadata init...
635041804812790127 Create: f-1
635041804812919967 [M] Send Create: f-1
635041804827891785 Create Done: f-1
635041804887857956 Open: f-1
635041804887937982 [M] Send Open: f-1
635041804888587946 Open done: f-1
635041804908514027 Write: 
635041804909120979 Write done: 
635041804912232790 Write: 
635041804912829875 Write done: 
635041804921413423 Write: 
635041804922032175 Write done: 
635041804944345009 Read: 
635041804947825064 Read: 
635041804954496432 Read: 
635041805000319966 Read done: 
635041805001049971 Read done: 
635041805001169218 Read done: 
635041805030141663 Read: 
635041805030774405 Read done: 
635041805034212284 Read: 
635041805034844110 Read done: 
635041805036194195 Read: 
635041805036822600 Read done: 
635041805038394122 Read: 
635041805039033785 Read done: 
635041805040524095 Read: 
635041805041193028 Read done: 
635041805224953183 Close: f-1
635041805225032332 [M] Send Close: f-1
635041805225671675 Close done: f-1
635041812272909098 Metadata init...
635041816950292223 Metadata init...
635041817708599255 Create: f-1
635041817708818792 [M] Send Create: f-1
635041817763804783 Create Done: f-1
635041817928971993 Open: f-1
635041817929030637 [M] Send Open: f-1
635041817930051517 Open done: f-1
635041817945352823 Write: 
635041817946048566 Write done: 
635041817952113249 Write: 
635041817952774507 Write done: 
635041817959008794 Write: 
635041817959705833 Write done: 
635041817967829628 Read: 
635041817968506910 Read done: 
635041817972215105 Read: 
635041817972856770 Read done: 
635041817975479468 Read: 
635041817976166724 Read done: 
635041817978056554 Read: 
635041817978706798 Read done: 
635041817980386036 Read: 
635041817981018534 Read done: 
635041817982349169 Read: 
635041817982937932 Read done: 
635041817985516641 Read: 
635041817986127286 Read done: 
635041817989698029 Read: 
635041817990328323 Read done: 
635041818087927837 Close: f-1
635041818087979430 [M] Send Close: f-1
635041818088719136 Close done: f-1
635041822274066347 Metadata init...
635041822515279300 Metadata init...
635041822774264213 Metadata init...
635041823131889674 Create: f-1
635041823132019718 [M] Send Create: f-1
635041823227159362 Create Done: f-1
635041823476134507 Open: f-1
635041823476225002 [M] Send Open: f-1
635041823476957474 Open done: f-1
635041823487437239 Write: 
635041823488117118 Write done: 
635041823493037103 Write: 
635041823493677210 Write done: 
635041823495367477 Write: 
635041823496016969 Write done: 
635041823497446942 Read: 
635041823498147019 Read done: 
635041823499186946 Read: 
635041823499807018 Read done: 
635041823501066202 Read: 
635041823501699485 Read done: 
635041823502716470 Read: 
635041823503410788 Read done: 
635041823504506509 Read: 
635041823505138769 Read done: 
635041823506217729 Read: 
635041823506889405 Read done: 
635041823508067703 Read: 
635041823508700957 Read done: 
635041823509787922 Read: 
635041823510410633 Read done: 
635041823625299571 Close: f-1
635041823625389682 [M] Send Close: f-1
635041823626149799 Close done: f-1
635041826695865937 Open: f-1
635041826695955985 [M] Send Open: f-1
635041826696696258 Open Done: f-1
635041827244251829 Read: 
635041827290776998 Read done: 
635041837681545603 Metadata init...
635041837862174922 Create: f-1
635041837862253821 [M] Send Create: f-1
635041837877284710 Create Done: f-1
635041837892586641 Open: f-1
635041837892656901 [M] Send Open: f-1
635041837894466899 Open done: f-1
635041837908740770 Write: 
635041837909399108 Write done: 
635041837919390656 Write: 
635041837919991052 Write done: 
635041837924164076 Write: 
635041837924759552 Write done: 
635041837930952119 Read: 
635041837931602107 Read done: 
635041837935610774 Read: 
635041837936230893 Read done: 
635041837939673523 Read: 
635041837940313083 Read done: 
635041837943142735 Read: 
635041837943753571 Read done: 
635041837946923536 Read: 
635041837947522121 Read done: 
635041837951923399 Read: 
635041837952604466 Read done: 
635041837955203394 Read: 
635041837955833257 Read done: 
635041837959153106 Read: 
635041837959783273 Read done: 
635041837999661664 Close: f-1
635041837999727370 [M] Send Close: f-1
635041838354705837 Open: f1
635041838354833727 [M] Send Open: f1
635041838392056961 Close: f-1
635041838392119153 [M] Send Close: f-1
635042409379828198 Metadata init...
635042410632880943 Create: f1
635042410633028040 [M] Send Create: f1
635042410834246511 Create: f2
635042410834246511 [M] Send Create: f2
635042410864218049 Open: f1
635042410864351809 [M] Send Open: f1
635042410875132260 Open: f2
635042410875132260 [M] Send Open: f2
635042410899605055 Write: 
635042411242735969 Open: f-1
635042411242735969 [M] Send Open: f-1
635042411572569385 Open: f-1
635042411572569385 [M] Send Open: f-1
635042412005449015 Create: f1
635042412005449015 [M] Send Create: f1
635042413470563585 Metadata init...
635042413743508770 Create: f-1
635042413743508770 [M] Send Create: f-1
635042414362553895 Metadata init...
635042414967429343 Create: f-1
635042414967429343 [M] Send Create: f-1
635042415883020472 Metadata init...
635042416319669003 Create: f-1
635042416319669003 [M] Send Create: f-1
635042416746958342 Create Done: f-1
635042417838269258 Metadata init...
635042417909431882 Metadata init...
635042418144147638 Create: f1
635042418144147638 [M] Send Create: f1
635042418200009321 Create Done: f1
635042418514518457 Create: f2
635042418514518457 [M] Send Create: f2
635042418515463445 Create Done: f2
635042418825815862 Open: f1
635042418825966137 [M] Send Open: f1
635042418826896886 Open done: f1
635042418841058708 Open: f2
635042418841058708 [M] Send Open: f2
635042418841843065 Open done: f2
635042418929597565 Write: 
635042418930361627 Write done: 
635042418948419300 Read: 
635042418949177522 Read done: 
635042419067295824 Read: 
635042419068073607 Read done: 
635042419068073607 Write: 
635042419937095531 Close: f1
635042419937095531 [M] Send Close: f1
635042419938331463 Close done: f1
635042419966860682 Open: f2
635042419966860682 [M] Send Open: f2
635042419981991987 Open done: f2
635042420862183891 Close: f2
635042420862183891 [M] Send Close: f2
635042420863119584 Close done: f2
635042420974015398 Delete: f2
635042420974165980 [M] Send Delete: f2
635042421011631960 Close: f2
635042421011755295 [M] Send Close: f2
635042421012535626 Close done: f2
635042424220157968 Metadata init...
635042424676449386 Create: f1
635042424676449386 [M] Send Create: f1
635042424691580923 Create Done: f1
635042424707496827 Open: f1
635042424707653352 [M] Send Open: f1
635042424709054818 Open done: f1
635042424902647709 Create: f2
635042424902804846 [M] Send Create: f2
635042425217766532 Open: f1
635042425217766532 [M] Send Open: f1
635042425581852694 Metadata init...
635042425788242080 Create: f1
635042425788242080 [M] Send Create: f1
635042425803377751 Create Done: f1
635042425820536727 Open: f1
635042425820536727 [M] Send Open: f1
635042425821950272 Open done: f1
635042425997751243 Create: f2
635042425997898399 [M] Send Create: f2
635042426739054943 Create Done: f2
635042427122454014 Metadata init...
635042427274241061 Create: f1
635042427274241061 [M] Send Create: f1
635042427289381221 Create Done: f1
635042427326810213 Open: f1
635042427326810213 [M] Send Open: f1
635042427328375305 Open done: f1
635042427551448591 Create: f2
635042427551448591 [M] Send Create: f2
635042429002864194 Metadata init...
635042429199052487 Create: f1
635042429199208780 [M] Send Create: f1
635042429239285816 Create Done: f1
635042429310114335 Open: f1
635042429310264733 [M] Send Open: f1
635042429338514552 Open done: f1
635042429581393442 Create: f2
635042429581393442 [M] Send Create: f2
635042431890469398 Metadata init...
635042432142091622 Create: f1
635042432142252588 [M] Send Create: f1
635042432157849903 Create Done: f1
635042432167714521 Open: f1
635042432167846945 [M] Send Open: f1
635042432169553536 Open done: f1
635042432313709854 Create: f2
635042432314017471 [M] Send Create: f2
635042432437705122 Create Done: f2
635042432811192570 Open: f1
635042432811369469 [M] Send Open: f1
635042432812587165 Open Done: f1
635042432925687833 Open: f2
635042432925839422 [M] Send Open: f2
635042432926620241 Open done: f2
635042433095906104 Create: f3
635042433095906104 [M] Send Create: f3
635042433250159840 Create Done: f3
635042433305377476 Open: f3
635042433305377476 [M] Send Open: f3
635042433306068167 Open done: f3
635042433952982190 Create: f4
635042433953072932 [M] Send Create: f4
635042433954352657 Create Done: f4
635042436975682925 Metadata init...
635042446634220330 Metadata init...
635042446738896484 Create: f-1
635042446739048831 [M] Send Create: f-1
635042446754025753 Create Done: f-1
635042446815026860 Open: f-1
635042446815172432 [M] Send Open: f-1
635042446816600098 Open done: f-1
635042446835649198 Open: f-1
635042446835649198 [M] Send Open: f-1
635042446837050422 Open Done: f-1
635042446868714333 Open: f-1
635042446868714333 [M] Send Open: f-1
635042446870124642 Open Done: f-1
635042446903967852 Write: 
635042446904755768 Write done: 
635042446919256809 Create: f2
635042446919256809 [M] Send Create: f2
635042446920659699 Create Done: f2
635042446931429286 Open: f2
635042446931429286 [M] Send Open: f2
635042446932715249 Open done: f2
635042446947496383 Write: 
635042446948121831 Write done: 
635042446957024644 Create: f3
635042446957024644 [M] Send Create: f3
635042446958264448 Create Done: f3
635042446966580407 Open: f3
635042446966580407 [M] Send Open: f3
635042446968099675 Open done: f3
635042446974181946 Write: 
635042446974796969 Write done: 
635042446980415450 Create: f4
635042446980415450 [M] Send Create: f4
635042446981810035 Create Done: f4
635042446988523799 Open: f4
635042446988523799 [M] Send Open: f4
635042446989931916 Open done: f4
635042446993509517 Write: 
635042446994133993 Write done: 
635042446998501901 Create: f5
635042446998501901 [M] Send Create: f5
635042447000084667 Create Done: f5
635042447004907132 Open: f5
635042447004907132 [M] Send Open: f5
635042447006458565 Open done: f5
635042447009588982 Write: 
635042447010206051 Write done: 
635042447015040745 Create: f6
635042447015192628 [M] Send Create: f6
635042447016752498 Create Done: f6
635042447020974582 Open: f6
635042447020974582 [M] Send Open: f6
635042447022527991 Open done: f6
635042447025494367 Write: 
635042447026272480 Write done: 
635042447029544205 Create: f7
635042447029700202 [M] Send Create: f7
635042447031263396 Create Done: f7
635042447033913864 Open: f7
635042447034073981 [M] Send Open: f7
635042447035473874 Open done: f7
635042447037976844 Write: 
635042447038602760 Write done: 
635042447041090019 Create: f8
635042447041246719 [M] Send Create: f8
635042447042493547 Create Done: f8
635042447045309518 Open: f8
635042447045309518 [M] Send Open: f8
635042447046558547 Open done: f8
635042447049373060 Write: 
635042447050138113 Write done: 
635042447053434710 Create: f9
635042447053573123 [M] Send Create: f9
635042447054973076 Create Done: f9
635042447057782048 Open: f9
635042447057782048 [M] Send Open: f9
635042447059190086 Open done: f9
635042447061683464 Write: 
635042447062460820 Write done: 
635042447066360323 Create: f0
635042447066360323 [M] Send Create: f0
635042447067919406 Create Done: f0
635042447072289564 Open: f0
635042447072446837 [M] Send Open: f0
635042447073851163 Open done: f0
635042447080135906 Write: 
635042447081033582 Write done: 
635042447487291025 Open: f-1
635042447487419387 [M] Send Open: f-1
635042447488369956 Open Done: f-1
635042447715463866 Metadata init...
635042451192350510 Create: f1
635042451192507275 [M] Send Create: f1
635042451202499697 Write: 
635042451204672152 Open: f1
635042451204828183 [M] Send Open: f1
635042451207491267 Create: f2
635042451207640398 [M] Send Create: f2
635042451212628718 Create Done: f1
635042451212941185 Open: f2
635042451212941185 [M] Send Open: f2
635042451213722521 Write: 
635042451214870689 Create: f3
635042451214991533 [M] Send Create: f3
635042451218766245 Open done: f1
635042451219647943 Create Done: f2
635042451221068410 Open: f3
635042451221368652 [M] Send Open: f3
635042451223085709 Create Done: f3
635042451223554352 Write: 
635042451224646409 Open done: f3
635042451224955943 Create: f4
635042451225275957 [M] Send Create: f4
635042451225575732 Open done: f2
635042451226055176 Open: f4
635042451226200027 [M] Send Open: f4
635042451226536784 Write: 
635042451227037032 Create: f5
635042451227924439 [M] Send Create: f5
635042451229790029 Create Done: f4
635042451230886833 Create Done: f5
635042451231830023 Open: f5
635042451231975526 [M] Send Open: f5
635042451232128047 Write: 
635042451232602495 Open done: f4
635042451232910015 Create: f6
635042451232910015 [M] Send Create: f6
635042451234937564 Create Done: f6
635042451235100336 Open: f6
635042451235254143 [M] Send Open: f6
635042451236654065 Open done: f5
635042451236815782 Write: 
635042451240250029 Open done: f6
635042451240553918 Create: f7
635042451240707930 [M] Send Create: f7
635042451242429051 Create Done: f7
635042451242590436 Write: 
635042451242743587 Open: f7
635042451242743587 [M] Send Open: f7
635042451244769109 Open done: f7
635042451245078771 Create: f8
635042451245078771 [M] Send Create: f8
635042451245237322 Write: 
635042451245395768 Open: f8
635042451245395768 [M] Send Open: f8
635042451247575426 Create: f9
635042451247575426 [M] Send Create: f9
635042451247886499 Open: f9
635042451247886499 [M] Send Open: f9
635042451248045896 Write: 
635042451250847621 Create Done: f8
635042451252260431 Create Done: f9
635042451262087391 Create: f0
635042451262087391 [M] Send Create: f0
635042451263639319 Create Done: f0
635042451268325778 Open: f0
635042451268325778 [M] Send Open: f0
635042451269879711 Open done: f0
635042451274719753 Write: 
635042451451303010 Metadata init...
635042451473455208 Metadata init...
635042452116089133 Metadata init...
635042461833443450 Metadata init...
635042462349792506 Create: f1
635042462349792506 [M] Send Create: f1
635042462359936436 Create: f2
635042462359936436 [M] Send Create: f2
635042462364934079 Create Done: f1
635042462367278395 Create Done: f2
635042462390355072 Create: f3
635042462390519778 [M] Send Create: f3
635042462391913793 Create Done: f3
635042462405485099 Create: f4
635042462405485099 [M] Send Create: f4
635042462407355910 Create Done: f4
635042462419067291 Create: f5
635042462419067291 [M] Send Create: f5
635042462420472327 Create Done: f5
635042462451703743 Create: f6
635042462451872132 [M] Send Create: f6
635042462453265355 Create Done: f6
635042462468360828 Create: f7
635042462468360828 [M] Send Create: f7
635042462469761140 Create Done: f7
635042462484595851 Create: f8
635042462484595851 [M] Send Create: f8
635042462486450785 Create Done: f8
635042462501428489 Create: f9
635042462501428489 [M] Send Create: f9
635042462503306825 Create Done: f9
635042462510972061 Create: f0
635042462511131302 [M] Send Create: f0
635042462512499650 Create Done: f0
635042462528416155 Open: f1
635042462528599803 [M] Send Open: f1
635042462529816961 Open done: f1
635042462691788687 Write: 
635042462692520433 Write done: 
635042462700788386 Write: 
635042462701575718 Write done: 
635042462703284960 Write: 
635042462704071699 Write done: 
635042462705646077 Write: 
635042462706411810 Write done: 
635042462707530821 Write: 
635042462708284225 Write done: 
635042462709548506 Write: 
635042462710310732 Write done: 
635042462712020965 Write: 
635042462712807421 Write done: 
635042462714047896 Write: 
635042462714835412 Write done: 
635042462717334825 Write: 
635042462718103114 Write done: 
635042462719049522 Write: 
635042462719827278 Write done: 
635042462876129538 Close: f1
635042462876129538 [M] Send Close: f1
635042465199236147 Metadata init...
635042465201264566 Metadata init...
635042465525444735 Create: f1
635042465525444735 [M] Send Create: f1
635042465537147312 Create: f2
635042465537147312 [M] Send Create: f2
635042465540586652 Create Done: f1
635042465541364715 Create Done: f2
635042465549336468 Create: f3
635042465549472171 [M] Send Create: f3
635042465551057091 Create Done: f3
635042465557114026 Create: f4
635042465557114026 [M] Send Create: f4
635042465558370410 Create Done: f4
635042465563666939 Create: f5
635042465563666939 [M] Send Create: f5
635042465565224712 Create Done: f5
635042465605476036 Create: f6
635042465605476036 [M] Send Create: f6
635042465607200911 Create Done: f6
635042465611414147 Create: f7
635042465611569086 [M] Send Create: f7
635042465613297017 Create Done: f7
635042465617177702 Create: f8
635042465617487305 [M] Send Create: f8
635042465619049304 Create Done: f8
635042465621242868 Create: f9
635042465621388373 [M] Send Create: f9
635042465622947355 Create Done: f9
635042465625922723 Create: f0
635042465625922723 [M] Send Create: f0
635042465627628120 Create Done: f0
635042465631555948 Open: f1
635042465631703461 [M] Send Open: f1
635042465633248780 Open done: f1
635042465649944906 Open: f6
635042465650101673 [M] Send Open: f6
635042465665077585 Open done: f6
635042465758370577 Write: 
635042465759306800 Write done: 
635042465764762402 Write: 
635042465765537560 Write done: 
635042465769603367 Write: 
635042465770377917 Write done: 
635042465772102375 Write: 
635042465773025803 Write done: 
635042465774746074 Write: 
635042465775532895 Write done: 
635042465776779815 Write: 
635042465777551953 Write done: 
635042465779286539 Write: 
635042465780056962 Write done: 
635042465783651304 Write: 
635042465784425252 Write done: 
635042465785528166 Write: 
635042465786291896 Write done: 
635042465787384856 Write: 
635042465788167030 Write done: 
635042465789098465 Write: 
635042465790041300 Write done: 
635042465790818883 Write: 
635042465791601509 Write done: 
635042465792534906 Write: 
635042465793309638 Write done: 
635042465794110835 Write: 
635042465794877522 Write done: 
635042465795827273 Write: 
635042465796583947 Write done: 
635042465797522855 Write: 
635042465798309865 Write done: 
635042465799252717 Write: 
635042465800020939 Write done: 
635042465800956794 Write: 
635042465801739970 Write done: 
635042465802687853 Write: 
635042465803448081 Write done: 
635042465804869491 Write: 
635042465805642099 Write done: 
635042465985514083 Close: f1
635042465985660074 [M] Send Close: f1
635042466708912026 Metadata init...
635042467401551113 Create: f1
635042467401551113 [M] Send Create: f1
635042467411690881 Create: f4
635042467411690881 [M] Send Create: f4
635042467416686030 Create: f2
635042467416686030 [M] Send Create: f2
635042467421678457 Create: f3
635042467421678457 [M] Send Create: f3
635042467426670377 Create: f5
635042467426670377 [M] Send Create: f5
635042467431661746 Create Done: f1
635042467432299678 Create Done: f4
635042467432750935 Create Done: f2
635042467434964505 Create Done: f3
635042467436059767 Create Done: f5
635042467480201667 Create: f6
635042467480201667 [M] Send Create: f6
635042467481761662 Create Done: f6
635042467486904362 Create: f7
635042467487064221 [M] Send Create: f7
635042467489094136 Create Done: f7
635042467495484404 Create: f8
635042467495644381 [M] Send Create: f8
635042467497043966 Create Done: f8
635042467504383803 Create: f9
635042467504383803 [M] Send Create: f9
635042467505943737 Create Done: f9
635042467512180867 Create: f0
635042467512180867 [M] Send Create: f0
635042467513893522 Create Done: f0
635042467526843241 Open: f1
635042467526843241 [M] Send Open: f1
635042467528558813 Open done: f1
635042467624344447 Write: 
635042467625127177 Write done: 
635042467634803631 Write: 
635042467635577090 Write done: 
635042467643526471 Write: 
635042467644507042 Write done: 
635042467649296973 Write: 
635042467650398302 Write done: 
635042467664745378 Write: 
635042467665687560 Write done: 
635042467667550044 Write: 
635042467668495439 Write done: 
635042467669897979 Write: 
635042467670835506 Write done: 
635042467671923806 Write: 
635042467672854163 Write done: 
635042467673994689 Write: 
635042467675041194 Write done: 
635042467675868487 Write: 
635042467676919347 Write done: 
635042467821206082 Close: f1
635042467821521099 [M] Send Close: f1
635042469601031766 Metadata init...
635042470012907567 Metadata init...
635042470696936879 Create: f1
635042470697249598 [M] Send Create: f1
635042470712221187 Create Done: f1
635042470721284786 Create: f2
635042470721613641 [M] Send Create: f2
635042470723215180 Create Done: f2
635042470750302565 Create: f3
635042470750748406 [M] Send Create: f3
635042470752308316 Create Done: f3
635042470752784656 Create: f4
635042470753097774 [M] Send Create: f4
635042470755130256 Create Done: f4
635042470755588507 Create: f5
635042470756066930 [M] Send Create: f5
635042470758249188 Create Done: f5
635042470779769616 Create: f6
635042470780133887 [M] Send Create: f6
635042470783056715 Create Done: f6
635042470783537085 Create: f7
635042470783837343 [M] Send Create: f7
635042470786471874 Create Done: f7
635042470786940384 Create: f8
635042470787412792 [M] Send Create: f8
635042470789029395 Create Done: f8
635042470789436880 Create: f9
635042470789796322 [M] Send Create: f9
635042470791809261 Create Done: f9
635042470792249309 Create: f0
635042470792721083 [M] Send Create: f0
635042470796320996 Create Done: f0
635042470796782397 Open: f1
635042470797243808 [M] Send Open: f1
635042470799730321 Open done: f1
635042470853548758 Write: 
635042470854646332 Write done: 
635042470855108567 Write: 
635042470856210923 Write done: 
635042470856697834 Write: 
635042470857763470 Write done: 
635042470858243618 Write: 
635042470859324276 Write done: 
635042470859828191 Write: 
635042470860885997 Write done: 
635042470861349194 Write: 
635042470862443060 Write done: 
635042470862929877 Write: 
635042470864010934 Write done: 
635042470864469476 Write: 
635042470865563083 Write done: 
635042470866045106 Write: 
635042470867128235 Write done: 
635042470867616913 Write: 
635042470868371852 Write done: 
635042470966019794 Close: f1
635042470966019794 [M] Send Close: f1
635042472512433447 Metadata init...
635042472518831901 Metadata init...
635042472767803337 Create: f1
635042472767959909 [M] Send Create: f1
635042472783091606 Create Done: f1
635042472783867595 Create: f2
635042472783867595 [M] Send Create: f2
635042472785430837 Create Done: f2
635042472795133051 Create: f3
635042472795133051 [M] Send Create: f3
635042472796532895 Create Done: f3
635042472804467468 Create: f4
635042472804619416 [M] Send Create: f4
635042472806028299 Create Done: f4
635042472812892266 Create: f5
635042472813041706 [M] Send Create: f5
635042472814759903 Create Done: f5
635042472889794477 Create: f6
635042472889956516 [M] Send Create: f6
635042472891818629 Create Done: f6
635042472900873046 Create: f7
635042472901028561 [M] Send Create: f7
635042472902752256 Create Done: f7
635042472910443523 Create: f8
635042472910583551 [M] Send Create: f8
635042472912143415 Create Done: f8
635042472918185971 Create: f9
635042472918185971 [M] Send Create: f9
635042472919898291 Create Done: f9
635042472926314655 Create: f0
635042472926455378 [M] Send Create: f0
635042472928169384 Create Done: f0
635042472936745376 Open: f1
635042472936905535 [M] Send Open: f1
635042472938466135 Open done: f1
635042472959052086 Open: f6
635042472959052086 [M] Send Open: f6
635042472974808440 Open done: f6
635042473051272209 Write: 
635042473052028810 Write done: 
635042473052205634 Write: 
635042473052972560 Write done: 
635042473053118193 Write: 
635042473053908864 Write done: 
635042473054063332 Write: 
635042473054839083 Write done: 
635042473054995134 Write: 
635042473055771775 Write done: 
635042473055965179 Write: 
635042473056716986 Write done: 
635042473056862538 Write: 
635042473057645128 Write done: 
635042473057845053 Write: 
635042473058580721 Write done: 
635042473058764806 Write: 
635042473059524812 Write done: 
635042473059689756 Write: 
635042473060616867 Write done: 
635042473060762533 Write: 
635042473061548358 Write done: 
635042473061701488 Write: 
635042473062484828 Write done: 
635042473062684617 Write: 
635042473063424764 Write done: 
635042473063570375 Write: 
635042473064355595 Write done: 
635042473065038914 Write: 
635042473065920743 Write done: 
635042473066066352 Write: 
635042473066853479 Write done: 
635042473067052997 Write: 
635042473067789013 Write done: 
635042473067976190 Write: 
635042473068728648 Write done: 
635042473068874940 Write: 
635042473069814788 Write done: 
635042473070008791 Write: 
635042473070912623 Write done: 
635042473360137765 Close: f1
635042473360281986 [M] Send Close: f1
635042474749783472 Metadata init...
635042475088163153 Create: f1
635042475088310148 [M] Send Create: f1
635042475103428437 Create Done: f1
635042475103585381 Create: f2
635042475103754839 [M] Send Create: f2
635042475104366563 Create Done: f2
635042475104534241 Create: f3
635042475104534241 [M] Send Create: f3
635042475105301010 Create Done: f3
635042475105457422 Create: f4
635042475105621324 [M] Send Create: f4
635042475106237054 Create Done: f4
635042475106237054 Create: f5
635042475106396280 [M] Send Create: f5
635042475107025538 Create Done: f5
635042475128396640 Create: f6
635042475128545004 [M] Send Create: f6
635042475129803646 Create Done: f6
635042475129957851 Create: f7
635042475129957851 [M] Send Create: f7
635042475130727713 Create Done: f7
635042475130883343 Create: f8
635042475130883343 [M] Send Create: f8
635042475131822146 Create Done: f8
635042475131988084 Create: f9
635042475131988084 [M] Send Create: f9
635042475132639311 Create Done: f9
635042475132756035 Create: f0
635042475132928216 [M] Send Create: f0
635042475133698832 Create Done: f0
635042475133873083 Open: f1
635042475134014513 [M] Send Open: f1
635042475134631509 Open done: f1
635042475209234010 Write: 
635042475209984756 Write done: 
635042475210136477 Write: 
635042475210916101 Write done: 
635042475211067389 Write: 
635042475211895928 Write done: 
635042475212048700 Write: 
635042475212791879 Write done: 
635042475212943851 Write: 
635042475213718355 Write done: 
635042475213883827 Write: 
635042475214657816 Write done: 
635042475214813585 Write: 
635042475215600420 Write done: 
635042475215755393 Write: 
635042475216531803 Write done: 
635042475216683724 Write: 
635042475217628523 Write done: 
635042475217792815 Write: 
635042475218564491 Write done: 
635042475347739805 Close: f1
635042475347887833 [M] Send Close: f1
635042475348654896 Close done: f1
635042476749387208 Metadata init...
635042477047657848 Create: f1
635042477047813018 [M] Send Create: f1
635042477057801437 Create: f2
635042477057801437 [M] Send Create: f2
635042477062790809 Create Done: f1
635042477068714358 Create Done: f2
635042477078088859 Create: f3
635042477078235842 [M] Send Create: f3
635042477078854003 Create Done: f3
635042477079321106 Create: f4
635042477079642619 [M] Send Create: f4
635042477080570702 Create Done: f4
635042477080895649 Create: f5
635042477081195891 [M] Send Create: f5
635042477082149784 Create Done: f5
635042477104279910 Create: f6
635042477104607954 [M] Send Create: f6
635042477105539066 Create Done: f6
635042477105885943 Create: f7
635042477106308568 [M] Send Create: f7
635042477107129009 Create Done: f7
635042477107478519 Create: f8
635042477107872036 [M] Send Create: f8
635042477108816531 Create Done: f8
635042477109164185 Create: f9
635042477109478432 [M] Send Create: f9
635042477110364868 Create Done: f9
635042477110832622 Create: f0
635042477111166091 [M] Send Create: f0
635042477111926358 Create Done: f0
635042477112401482 Open: f1
635042477112709181 [M] Send Open: f1
635042477113506676 Open done: f1
635042477147192648 Write: 
635042477148754811 Write done: 
635042477149214648 Write: 
635042477150151224 Write done: 
635042477150457608 Write: 
635042477151558151 Write done: 
635042477151862117 Write: 
635042477152952354 Write done: 
635042477153300010 Write: 
635042477154517616 Write done: 
635042477154984168 Write: 
635042477155917237 Write done: 
635042477156246185 Write: 
635042477157324422 Write done: 
635042477157680151 Write: 
635042477158733128 Write done: 
635042477159038718 Write: 
635042477160134986 Write done: 
635042477160452217 Write: 
635042477161542352 Write done: 
635042477534056000 Close: 0
635042477571997886 Close: f1
635042477572291553 [M] Send Close: f1
635042477573368749 Close done: f1
635042484943954074 Metadata init...
635042484953705581 Metadata init...
635042485283340982 Create: f1
635042485283728777 [M] Send Create: f1
635042485298471168 Create Done: f1
635042485299471528 Create: f2
635042485299854549 [M] Send Create: f2
635042485301283175 Create Done: f2
635042485302102645 Create: f3
635042485302172460 [M] Send Create: f3
635042485306654743 Create Done: f3
635042485306742733 Create: f4
635042485306774644 [M] Send Create: f4
635042485308104668 Create Done: f4
635042485308174647 Create: f5
635042485308254668 [M] Send Create: f5
635042485309684683 Create Done: f5
635042485330416966 Create: f6
635042485330502603 [M] Send Create: f6
635042485332499393 Create Done: f6
635042485332616814 Create: f7
635042485332678867 [M] Send Create: f7
635042485335106772 Create Done: f7
635042485335215015 Create: f8
635042485335309416 [M] Send Create: f8
635042485337307348 Create Done: f8
635042485337427441 Create: f9
635042485337527498 [M] Send Create: f9
635042485338970130 Create Done: f9
635042485339097452 Create: f0
635042485339169115 [M] Send Create: f0
635042485340782870 Create Done: f0
635042485340897521 Open: f1
635042485340987999 [M] Send Open: f1
635042485342768368 Open done: f1
635042485353063465 Open: f6
635042485353143959 [M] Send Open: f6
635042485368192130 Open done: f6
635042485421709466 Write: 
635042485422360714 Write done: 
635042485422519984 Write: 
635042485423140101 Write done: 
635042485423299514 Write: 
635042485423930935 Write done: 
635042485424089432 Write: 
635042485424722069 Write done: 
635042485424880234 Write: 
635042485425490637 Write done: 
635042485425641323 Write: 
635042485426289816 Write done: 
635042485426451452 Write: 
635042485427100846 Write done: 
635042485427270146 Write: 
635042485427890818 Write done: 
635042485428051996 Write: 
635042485428691090 Write done: 
635042485428851291 Write: 
635042485429501192 Write done: 
635042485429683012 Write: 
635042485430352056 Write done: 
635042485430511015 Write: 
635042485431172067 Write done: 
635042485431350066 Write: 
635042485432012105 Write done: 
635042485432200956 Write: 
635042485432861508 Write done: 
635042485433040380 Write: 
635042485433701724 Write done: 
635042485433870375 Write: 
635042485434541877 Write done: 
635042485434721999 Write: 
635042485435382659 Write done: 
635042485435542113 Write: 
635042485436202537 Write done: 
635042485436371570 Write: 
635042485437012205 Write done: 
635042485437173337 Write: 
635042485437821650 Write done: 
635042485627997726 Close: f1
635042485628078783 [M] Send Close: f1
635042485630037828 Close done: f1
635042487077687502 Metadata init...
635042487110440598 Metadata init...
635042487547175031 Create: f1
635042487547255115 [M] Send Create: f1
635042487562317536 Create Done: f1
635042487563116210 Create: f2
635042487563177911 [M] Send Create: f2
635042487564457352 Create Done: f2
635042487565006787 Create: f3
635042487565067492 [M] Send Create: f3
635042487566847905 Create Done: f3
635042487566996670 Create: f4
635042487567079313 [M] Send Create: f4
635042487568628732 Create Done: f4
635042487568790887 Create: f5
635042487568873003 [M] Send Create: f5
635042487570568310 Create Done: f5
635042487591599399 Create: f6
635042487591702097 [M] Send Create: f6
635042487593349315 Create Done: f6
635042487593619071 Create: f7
635042487593712401 [M] Send Create: f7
635042487596800845 Create Done: f7
635042487596942285 Create: f8
635042487597002064 [M] Send Create: f8
635042487598889955 Create Done: f8
635042487599022251 Create: f9
635042487599082257 [M] Send Create: f9
635042487600900494 Create Done: f9
635042487601022189 Create: f0
635042487601092312 [M] Send Create: f0
635042487602802132 Create Done: f0
635042487602930349 Open: f1
635042487603001081 [M] Send Open: f1
635042487604680486 Open done: f1
635042487615101876 Open: f6
635042487615181831 [M] Send Open: f6
635042487630242828 Open done: f6
635042487684800073 Write: 
635042487685470553 Write done: 
635042487685640022 Write: 
635042487686279542 Write done: 
635042487686440020 Write: 
635042487687080564 Write done: 
635042487687260109 Write: 
635042487687870044 Write done: 
635042487688029960 Write: 
635042487688659285 Write done: 
635042487688829930 Write: 
635042487689469946 Write done: 
635042487689668939 Write: 
635042487690339454 Write done: 
635042487690508981 Write: 
635042487691140119 Write done: 
635042487691319924 Write: 
635042487691939955 Write done: 
635042487692109866 Write: 
635042487692800062 Write done: 
635042487693009830 Write: 
635042487693689845 Write done: 
635042487693869491 Write: 
635042487694539890 Write done: 
635042487694729732 Write: 
635042487695599830 Write done: 
635042487695989746 Write: 
635042487696810970 Write done: 
635042487697159723 Write: 
635042487698039725 Write done: 
635042487698378920 Write: 
635042487699171767 Write done: 
635042487699508973 Write: 
635042487700340084 Write done: 
635042487700684171 Write: 
635042487701521620 Write done: 
635042487701889240 Write: 
635042487702723104 Write done: 
635042487703080547 Write: 
635042487703921097 Write done: 
635042487766937522 Close: f1
635042487767157591 [M] Send Close: f1
635042487769057283 Close done: f1
635042489144402915 Metadata init...
635042490390425677 Create: f1
635042490390726295 [M] Send Create: f1
635042490405608732 Create Done: f1
635042490406202937 Create: f2
635042490406467169 [M] Send Create: f2
635042490407396950 Create Done: f2
635042490407707648 Create: f3
635042490407997267 [M] Send Create: f3
635042490409487246 Create Done: f3
635042490409827996 Create: f4
635042490410080023 [M] Send Create: f4
635042490411228063 Create Done: f4
635042490411600211 Create: f5
635042490411863758 [M] Send Create: f5
635042491494007787 Create Done: f5
635042492209476547 Create: f6
635042492209835040 [M] Send Create: f6
635042492211105025 Create Done: f6
635042492211463241 Create: f7
635042492211763212 [M] Send Create: f7
635042492214063314 Create Done: f7
635042492214486578 Create: f8
635042492214767302 [M] Send Create: f8
635042492216794984 Create Done: f8
635042492217256178 Create: f9
635042492217623705 [M] Send Create: f9
635042492219043832 Create Done: f9
635042492219359950 Create: f0
635042492219649974 [M] Send Create: f0
635042492221254078 Create Done: f0
635042492221353937 Open: f1
635042492221406289 [M] Send Open: f1
635042492223029042 Open done: f1
635042492277703046 Write: 
635042492278432104 Write done: 
635042492278571400 Write: 
635042492279199257 Write done: 
635042492279341010 Write: 
635042492279941205 Write done: 
635042492280089589 Write: 
635042492280681321 Write done: 
635042492280839195 Write: 
635042492281450884 Write done: 
635042492281609798 Write: 
635042492282211304 Write done: 
635042492282359338 Write: 
635042492282981704 Write done: 
635042492283159439 Write: 
635042492283779574 Write done: 
635042492283929600 Write: 
635042492284550545 Write done: 
635042492284687445 Write: 
635042492285391481 Write done: 
635042492728250784 Metadata init...
635042492735392013 Metadata init...
635042494071820236 Metadata init...
635042494076814934 Metadata init...
635042499532166412 Metadata init...
635042499534737116 Metadata init...
635042499539597164 Metadata init...
635042501732286693 Create: f1
635042501732364188 [M] Send Create: f1
635042501747607256 Create Done: f1
635042501748064691 Create: f2
635042501748123365 [M] Send Create: f2
635042501748927311 Create Done: f2
635042501749163497 Create: f3
635042501749197576 [M] Send Create: f3
635042501751004631 Create Done: f3
635042501751234045 Create: f4
635042501751267519 [M] Send Create: f4
635042501752133273 Create Done: f4
635042501752407530 Create: f5
635042501752457549 [M] Send Create: f5
635042501753484028 Create Done: f5
635042501774445832 Create: f6
635042501774507132 [M] Send Create: f6
635042501775436916 Create Done: f6
635042501775566885 Create: f7
635042501775616966 [M] Send Create: f7
635042501777326855 Create Done: f7
635042501777526895 Create: f8
635042501777576946 [M] Send Create: f8
635042501778956046 Create Done: f8
635042501779196803 Create: f9
635042501779236904 [M] Send Create: f9
635042501780476768 Create Done: f9
635042501780696779 Create: f0
635042501780736820 [M] Send Create: f0
635042501782186726 Create Done: f0
635042501782386467 Open: f1
635042501782506411 [M] Send Open: f1
635042501783366688 Open done: f1
635042501794658514 Open: f6
635042501794768229 [M] Send Open: f6
635042501809920500 Open done: f6
635042501862524674 Write: 
635042501863244688 Write done: 
635042501863423743 Write: 
635042501864064653 Write done: 
635042501864233873 Write: 
635042501864874869 Write done: 
635042501865065292 Write: 
635042501865686668 Write done: 
635042501865869802 Write: 
635042501866506327 Write done: 
635042501866685811 Write: 
635042501867325818 Write done: 
635042501867506344 Write: 
635042501868127013 Write done: 
635042501868304557 Write: 
635042501868937198 Write done: 
635042501869124367 Write: 
635042501869775360 Write done: 
635042501869944451 Write: 
635042501870595555 Write done: 
635042501870785923 Write: 
635042501871455937 Write done: 
635042501871635439 Write: 
635042501872286975 Write done: 
635042501872477162 Write: 
635042501873137140 Write done: 
635042501873316185 Write: 
635042501873977701 Write done: 
635042501874166079 Write: 
635042501874827508 Write done: 
635042501875005728 Write: 
635042501875675814 Write done: 
635042501875856589 Write: 
635042501876517499 Write done: 
635042501876696969 Write: 
635042501877366115 Write done: 
635042501877547409 Write: 
635042501878207203 Write done: 
635042501878387164 Write: 
635042501879047252 Write done: 
635042502170405896 Close: f1
635042502170505588 [M] Send Close: f1
635042502174869515 Close done: f1
635042504102463080 Metadata init...
635042504107403228 Metadata init...
635042504973348670 Create: f1
635042504973459641 [M] Send Create: f1
635042504988500957 Create Done: f1
635042504989111173 Create: f2
635042504989195565 [M] Send Create: f2
635042504990081684 Create Done: f2
635042504990185539 Create: f3
635042504990265522 [M] Send Create: f3
635042504991160898 Create Done: f3
635042504991294229 Create: f4
635042504991403553 [M] Send Create: f4
635042504992400876 Create Done: f4
635042504992552596 Create: f5
635042504992643786 [M] Send Create: f5
635042504993641389 Create Done: f5
635042505014643298 Create: f6
635042505014763126 [M] Send Create: f6
635042505015524879 Create Done: f6
635042505015673239 Create: f7
635042505015754465 [M] Send Create: f7
635042505017153118 Create Done: f7
635042505017293407 Create: f8
635042505017374829 [M] Send Create: f8
635042505019513917 Create Done: f8
635042505019644783 Create: f9
635042505019734857 [M] Send Create: f9
635042505020914393 Create Done: f9
635042505021053504 Create: f0
635042505021144781 [M] Send Create: f0
635042505022044626 Create Done: f0
635042505022204697 Open: f1
635042505022293832 [M] Send Open: f1
635042505023204679 Open done: f1
635042505033601776 Open: f6
635042505033713992 [M] Send Open: f6
635042505048806584 Open done: f6
635042505101241420 Write: 
635042505101952363 Write done: 
635042505102142410 Write: 
635042505102812333 Write done: 
635042505102991823 Write: 
635042505103662431 Write done: 
635042505103842279 Write: 
635042505104501798 Write done: 
635042505104672297 Write: 
635042505105322303 Write done: 
635042505105492005 Write: 
635042505106142238 Write done: 
635042505106322190 Write: 
635042505106982249 Write done: 
635042505107161992 Write: 
635042505107812239 Write done: 
635042505107982121 Write: 
635042505108642138 Write done: 
635042505108812122 Write: 
635042505109472331 Write done: 
635042505109641304 Write: 
635042505110334164 Write done: 
635042505110501359 Write: 
635042505111182511 Write done: 
635042505111361517 Write: 
635042505112042499 Write done: 
635042505112221522 Write: 
635042505112914457 Write done: 
635042505113115590 Write: 
635042505113823786 Write done: 
635042505114001940 Write: 
635042505114684639 Write done: 
635042505114872449 Write: 
635042505115544730 Write done: 
635042505115744047 Write: 
635042505116443875 Write done: 
635042505116634252 Write: 
635042505117304777 Write done: 
635042505117485414 Write: 
635042505118173901 Write done: 
635042505274369272 Close: f1
635042505274448035 [M] Send Close: f1
635042505649624704 Close done: f1
635042508605938806 Metadata init...
635042508611599604 Metadata init...
635042509254057565 Create: f1
635042509254202089 [M] Send Create: f1
635042509269236235 Create Done: f1
635042509269663219 Create: f2
635042509269750936 [M] Send Create: f2
635042509270523728 Create Done: f2
635042509270903672 Create: f3
635042509270990846 [M] Send Create: f3
635042509271743399 Create Done: f3
635042509271876443 Create: f4
635042509271963847 [M] Send Create: f4
635042509272693652 Create Done: f4
635042509272824548 Create: f5
635042509272900866 [M] Send Create: f5
635042509273683691 Create Done: f5
635042509295098202 Create: f6
635042509295187010 [M] Send Create: f6
635042509295990368 Create Done: f6
635042509296126215 Create: f7
635042509296200191 [M] Send Create: f7
635042509297076173 Create Done: f7
635042509297236007 Create: f8
635042509297309505 [M] Send Create: f8
635042509298086928 Create Done: f8
635042509298226228 Create: f9
635042509298296728 [M] Send Create: f9
635042509299028621 Create Done: f9
635042509299176447 Create: f0
635042509299257532 [M] Send Create: f0
635042509300057284 Create Done: f0
635042509300207446 Open: f1
635042509300288767 [M] Send Open: f1
635042509301037478 Open done: f1
635042509311997835 Open: f6
635042509312079722 [M] Send Open: f6
635042509327108998 Open done: f6
635042509379418072 Write: 
635042509380084771 Write done: 
635042509380244431 Write: 
635042509380876518 Write done: 
635042509381044573 Write: 
635042509381676643 Write done: 
635042509381855767 Write: 
635042509382476638 Write done: 
635042509382646229 Write: 
635042509383286808 Write done: 
635042509383456867 Write: 
635042509384085077 Write done: 
635042509384265862 Write: 
635042509384895473 Write done: 
635042509385065193 Write: 
635042509385696951 Write done: 
635042509385867024 Write: 
635042509386506907 Write done: 
635042509386675308 Write: 
635042509387317151 Write done: 
635042509387507849 Write: 
635042509388177321 Write done: 
635042509388335460 Write: 
635042509388987178 Write done: 
635042509389156419 Write: 
635042509389827406 Write done: 
635042509389995649 Write: 
635042509390657483 Write done: 
635042509390827504 Write: 
635042509391487525 Write done: 
635042509391665668 Write: 
635042509392317607 Write done: 
635042509392495925 Write: 
635042509393147227 Write done: 
635042509393326076 Write: 
635042509393967949 Write done: 
635042509394135810 Write: 
635042509394788083 Write done: 
635042509394967436 Write: 
635042509395628070 Write done: 
635042509906820608 Close: f1
635042509906898702 [M] Send Close: f1
635042509908057398 Close done: f1
635042585218215370 Metadata init...
635042585544875678 Create: f1
635042585544875678 [M] Send Create: f1
635042585560009782 Create Done: f1
635042585573263914 Open: f1
635042585573417819 [M] Send Open: f1
635042585574042449 Open done: f1
635042585588869291 Write: 
635042585589652060 Write done: 
635042585608684897 Create: f2
635042585608872966 [M] Send Create: f2
635042585609608880 Create Done: f2
635042585622093073 Open: f2
635042585622244213 [M] Send Open: f2
635042585622882495 Open done: f2
635042585635989873 Write: 
635042585636753450 Write done: 
635042585645990115 Create: f3
635042585645990115 [M] Send Create: f3
635042585646735481 Create Done: f3
635042585653138409 Open: f3
635042585653307266 [M] Send Open: f3
635042585653913300 Open done: f3
635042585659719558 Write: 
635042585660469678 Write done: 
635042585664102567 Create: f4
635042585664212184 [M] Send Create: f4
635042585664833736 Create Done: f4
635042585668732806 Open: f4
635042585668732806 [M] Send Open: f4
635042585669684277 Open done: f4
635042585672631802 Write: 
635042585673422045 Write done: 
635042585676409734 Create: f5
635042585676573542 [M] Send Create: f5
635042585677311096 Create Done: f5
635042585680281157 Open: f5
635042585680281157 [M] Send Open: f5
635042585681058663 Open done: f5
635042585684644282 Write: 
635042585685434148 Write done: 
635042585688416298 Create: f6
635042585688416298 [M] Send Create: f6
635042585689168644 Create Done: f6
635042585692763016 Open: f6
635042585692763016 [M] Send Open: f6
635042585693534676 Open done: f6
635042585696657540 Write: 
635042585697438059 Write done: 
635042585699620794 Create: f7
635042585699620794 [M] Send Create: f7
635042585700400547 Create Done: f7
635042585703402664 Open: f7
635042585703560117 [M] Send Open: f7
635042585704152192 Open done: f7
635042585706527552 Write: 
635042585707273577 Write done: 
635042585708997511 Create: f8
635042585709135470 [M] Send Create: f8
635042585709762200 Create Done: f8
635042585713190124 Open: f8
635042585713190124 [M] Send Open: f8
635042585713838160 Open done: f8
635042585715881339 Write: 
635042585716629742 Write done: 
635042585718836018 Create: f9
635042585718986599 [M] Send Create: f9
635042585719586973 Create Done: f9
635042585721341394 Open: f9
635042585721481707 [M] Send Open: f9
635042585722087307 Open done: f9
635042585723956584 Write: 
635042585724740376 Write done: 
635042585726640020 Create: f0
635042585726640020 [M] Send Create: f0
635042585727388232 Create Done: f0
635042585729766059 Open: f0
635042585729766059 [M] Send Open: f0
635042585730505681 Open done: f0
635042585733032890 Write: 
635042585733790821 Write done: 
